<?xml version="1.0" encoding="UTF-8"?>
<testsuite name="io.flutter.plugins.sharedpreferences.SharedPreferencesTest" tests="23" skipped="0" failures="0" errors="0" timestamp="2025-01-16T19:09:03" hostname="NADINE" time="5.566">
  <properties/>
  <testcase name="testSharedPreferencesWithMultipleFiles" classname="io.flutter.plugins.sharedpreferences.SharedPreferencesTest" time="4.482"/>
  <testcase name="testSetAndGetStringWithDataStore" classname="io.flutter.plugins.sharedpreferences.SharedPreferencesTest" time="0.384"/>
  <testcase name="testSharedPreferencesDefaultFile" classname="io.flutter.plugins.sharedpreferences.SharedPreferencesTest" time="0.037"/>
  <testcase name="testClearWithDataStore" classname="io.flutter.plugins.sharedpreferences.SharedPreferencesTest" time="0.092"/>
  <testcase name="testGetKeysWithSharedPreferences" classname="io.flutter.plugins.sharedpreferences.SharedPreferencesTest" time="0.048"/>
  <testcase name="testSetAndGetIntWithSharedPreferences" classname="io.flutter.plugins.sharedpreferences.SharedPreferencesTest" time="0.026"/>
  <testcase name="testSetAndGetDoubleWithSharedPreferences" classname="io.flutter.plugins.sharedpreferences.SharedPreferencesTest" time="0.027"/>
  <testcase name="testGetAllWithSharedPreferences" classname="io.flutter.plugins.sharedpreferences.SharedPreferencesTest" time="0.044"/>
  <testcase name="testGetAllWithAllowListWithDataStore" classname="io.flutter.plugins.sharedpreferences.SharedPreferencesTest" time="0.051"/>
  <testcase name="testClearWithAllowListWithSharedPreferences" classname="io.flutter.plugins.sharedpreferences.SharedPreferencesTest" time="0.037"/>
  <testcase name="testSetAndGetBoolWithSharedPreferences" classname="io.flutter.plugins.sharedpreferences.SharedPreferencesTest" time="0.022"/>
  <testcase name="testSetAndGetBoolWithDataStore" classname="io.flutter.plugins.sharedpreferences.SharedPreferencesTest" time="0.022"/>
  <testcase name="testGetAllWithAllowListWithSharedPreferences" classname="io.flutter.plugins.sharedpreferences.SharedPreferencesTest" time="0.035"/>
  <testcase name="testGetKeysWithDataStore" classname="io.flutter.plugins.sharedpreferences.SharedPreferencesTest" time="0.027"/>
  <testcase name="testSetAndGetStringWithSharedPreferences" classname="io.flutter.plugins.sharedpreferences.SharedPreferencesTest" time="0.022"/>
  <testcase name="testSetAndGetDoubleWithDataStore" classname="io.flutter.plugins.sharedpreferences.SharedPreferencesTest" time="0.021"/>
  <testcase name="testSetAndGetIntWithDataStore" classname="io.flutter.plugins.sharedpreferences.SharedPreferencesTest" time="0.022"/>
  <testcase name="testSetAndGetStringListWithSharedPreferences" classname="io.flutter.plugins.sharedpreferences.SharedPreferencesTest" time="0.024"/>
  <testcase name="testClearWithSharedPreferences" classname="io.flutter.plugins.sharedpreferences.SharedPreferencesTest" time="0.032"/>
  <testcase name="testClearWithAllowListWithDataStore" classname="io.flutter.plugins.sharedpreferences.SharedPreferencesTest" time="0.031"/>
  <testcase name="testSetAndGetStringListWithDataStore" classname="io.flutter.plugins.sharedpreferences.SharedPreferencesTest" time="0.021"/>
  <testcase name="testGetAllWithDataStore" classname="io.flutter.plugins.sharedpreferences.SharedPreferencesTest" time="0.032"/>
  <testcase name="testUnexpectedClassDecodeThrows" classname="io.flutter.plugins.sharedpreferences.SharedPreferencesTest" time="0.023"/>
  <system-out><![CDATA[]]></system-out>
  <system-err><![CDATA[]]></system-err>
</testsuite>
