<?xml version="1.0" encoding="UTF-8"?>
<testsuite name="io.flutter.plugins.sharedpreferences.LegacySharedPreferencesTest" tests="11" skipped="0" failures="0" errors="0" timestamp="2025-01-16T19:09:16" hostname="NADINE" time="0.571">
  <properties/>
  <testcase name="getAll" classname="io.flutter.plugins.sharedpreferences.LegacySharedPreferencesTest" time="0.551"/>
  <testcase name="setStringList" classname="io.flutter.plugins.sharedpreferences.LegacySharedPreferencesTest" time="0.002"/>
  <testcase name="setInt" classname="io.flutter.plugins.sharedpreferences.LegacySharedPreferencesTest" time="0.003"/>
  <testcase name="setDouble" classname="io.flutter.plugins.sharedpreferences.LegacySharedPreferencesTest" time="0.002"/>
  <testcase name="allowList" classname="io.flutter.plugins.sharedpreferences.LegacySharedPreferencesTest" time="0.002"/>
  <testcase name="clearWithNoAllowList" classname="io.flutter.plugins.sharedpreferences.LegacySharedPreferencesTest" time="0.003"/>
  <testcase name="setString" classname="io.flutter.plugins.sharedpreferences.LegacySharedPreferencesTest" time="0.002"/>
  <testcase name="clearWithAllowList" classname="io.flutter.plugins.sharedpreferences.LegacySharedPreferencesTest" time="0.002"/>
  <testcase name="clearAll" classname="io.flutter.plugins.sharedpreferences.LegacySharedPreferencesTest" time="0.001"/>
  <testcase name="testRemove" classname="io.flutter.plugins.sharedpreferences.LegacySharedPreferencesTest" time="0.001"/>
  <testcase name="setBool" classname="io.flutter.plugins.sharedpreferences.LegacySharedPreferencesTest" time="0.001"/>
  <system-out><![CDATA[]]></system-out>
  <system-err><![CDATA[]]></system-err>
</testsuite>
